2017-08-03 17:51:09.108  INFO 836 --- [http-nio-8080-exec-1] o.a.c.c.C.[Tomcat].[localhost].[/]       : Initializing Spring FrameworkServlet 'dispatcherServlet'
2017-08-03 17:51:09.109  INFO 836 --- [http-nio-8080-exec-1] o.s.web.servlet.DispatcherServlet        : FrameworkServlet 'dispatcherServlet': initialization started
2017-08-03 17:51:09.117  INFO 836 --- [http-nio-8080-exec-1] o.s.web.servlet.DispatcherServlet        : FrameworkServlet 'dispatcherServlet': initialization completed in 8 ms
2017-08-03 17:51:09.124  INFO 836 --- [http-nio-8080-exec-1] com.alibaba.druid.pool.DruidDataSource   : {dataSource-9} inited
2017-08-03 17:51:09.137  INFO 836 --- [http-nio-8080-exec-1] com.alibaba.druid.pool.DruidDataSource   : {dataSource-10} inited
2017-08-03 17:51:09.146  INFO 836 --- [http-nio-8080-exec-1] c.s.controller.UserRestController        : This is an info message
2017-08-03 17:51:09.146  WARN 836 --- [http-nio-8080-exec-1] c.s.controller.UserRestController        : This is a warn message
2017-08-03 17:51:09.146 ERROR 836 --- [http-nio-8080-exec-1] c.s.controller.UserRestController        : This is an error message
2017-08-03 17:52:14.413  INFO 836 --- [Thread-40] ationConfigEmbeddedWebApplicationContext : Closing org.springframework.boot.context.embedded.AnnotationConfigEmbeddedWebApplicationContext@50aae0c5: startup date [Thu Aug 03 17:50:52 CST 2017]; root of context hierarchy
2017-08-03 17:52:14.417  INFO 836 --- [Thread-40] o.s.j.e.a.AnnotationMBeanExporter        : Unregistering JMX-exposed beans on shutdown
2017-08-03 17:52:14.418  INFO 836 --- [Thread-40] o.s.j.e.a.AnnotationMBeanExporter        : Unregistering JMX-exposed beans
2017-08-03 17:52:14.420  INFO 836 --- [Thread-40] com.alibaba.druid.pool.DruidDataSource   : {dataSource-10} closed
2017-08-03 17:52:14.424  INFO 836 --- [Thread-40] com.alibaba.druid.pool.DruidDataSource   : {dataSource-9} closed
2017-08-03 17:52:14.680  INFO 836 --- [restartedMain] com.springboot.App                       : Starting App on WIN10-706011342 with PID 836 (E:\springboot\spring-parent\springboot-multids\target\classes started by maskwang in E:\springboot\spring-parent\springboot-multids)
2017-08-03 17:52:14.680  INFO 836 --- [restartedMain] com.springboot.App                       : No active profile set, falling back to default profiles: default
2017-08-03 17:52:14.684  INFO 836 --- [restartedMain] ationConfigEmbeddedWebApplicationContext : Refreshing org.springframework.boot.context.embedded.AnnotationConfigEmbeddedWebApplicationContext@5f39f71b: startup date [Thu Aug 03 17:52:14 CST 2017]; root of context hierarchy
2017-08-03 17:52:15.204  INFO 836 --- [restartedMain] s.b.c.e.t.TomcatEmbeddedServletContainer : Tomcat initialized with port(s): 8080 (http)
2017-08-03 17:52:15.205  INFO 836 --- [restartedMain] o.apache.catalina.core.StandardService   : Starting service Tomcat
2017-08-03 17:52:15.205  INFO 836 --- [restartedMain] org.apache.catalina.core.StandardEngine  : Starting Servlet Engine: Apache Tomcat/8.5.14
2017-08-03 17:52:15.227  INFO 836 --- [localhost-startStop-1] o.a.c.c.C.[Tomcat].[localhost].[/]       : Initializing Spring embedded WebApplicationContext
2017-08-03 17:52:15.228  INFO 836 --- [localhost-startStop-1] o.s.web.context.ContextLoader            : Root WebApplicationContext: initialization completed in 545 ms
2017-08-03 17:52:15.264  INFO 836 --- [localhost-startStop-1] o.s.b.w.servlet.ServletRegistrationBean  : Mapping servlet: 'dispatcherServlet' to [/]
2017-08-03 17:52:15.265  INFO 836 --- [localhost-startStop-1] o.s.b.w.servlet.FilterRegistrationBean   : Mapping filter: 'characterEncodingFilter' to: [/*]
2017-08-03 17:52:15.265  INFO 836 --- [localhost-startStop-1] o.s.b.w.servlet.FilterRegistrationBean   : Mapping filter: 'hiddenHttpMethodFilter' to: [/*]
2017-08-03 17:52:15.265  INFO 836 --- [localhost-startStop-1] o.s.b.w.servlet.FilterRegistrationBean   : Mapping filter: 'httpPutFormContentFilter' to: [/*]
2017-08-03 17:52:15.265  INFO 836 --- [localhost-startStop-1] o.s.b.w.servlet.FilterRegistrationBean   : Mapping filter: 'requestContextFilter' to: [/*]
2017-08-03 17:52:15.427  INFO 836 --- [restartedMain] s.w.s.m.m.a.RequestMappingHandlerAdapter : Looking for @ControllerAdvice: org.springframework.boot.context.embedded.AnnotationConfigEmbeddedWebApplicationContext@5f39f71b: startup date [Thu Aug 03 17:52:14 CST 2017]; root of context hierarchy
2017-08-03 17:52:15.433  INFO 836 --- [restartedMain] s.w.s.m.m.a.RequestMappingHandlerMapping : Mapped "{[/api/user],methods=[GET]}" onto public com.springboot.domain.User com.springboot.controller.UserRestController.findByName(java.lang.String)
2017-08-03 17:52:15.436  INFO 836 --- [restartedMain] s.w.s.m.m.a.RequestMappingHandlerMapping : Mapped "{[/error]}" onto public org.springframework.http.ResponseEntity<java.util.Map<java.lang.String, java.lang.Object>> org.springframework.boot.autoconfigure.web.BasicErrorController.error(javax.servlet.http.HttpServletRequest)
2017-08-03 17:52:15.436  INFO 836 --- [restartedMain] s.w.s.m.m.a.RequestMappingHandlerMapping : Mapped "{[/error],produces=[text/html]}" onto public org.springframework.web.servlet.ModelAndView org.springframework.boot.autoconfigure.web.BasicErrorController.errorHtml(javax.servlet.http.HttpServletRequest,javax.servlet.http.HttpServletResponse)
2017-08-03 17:52:15.443  INFO 836 --- [restartedMain] o.s.w.s.handler.SimpleUrlHandlerMapping  : Mapped URL path [/webjars/**] onto handler of type [class org.springframework.web.servlet.resource.ResourceHttpRequestHandler]
2017-08-03 17:52:15.443  INFO 836 --- [restartedMain] o.s.w.s.handler.SimpleUrlHandlerMapping  : Mapped URL path [/**] onto handler of type [class org.springframework.web.servlet.resource.ResourceHttpRequestHandler]
2017-08-03 17:52:15.457  INFO 836 --- [restartedMain] o.s.w.s.handler.SimpleUrlHandlerMapping  : Mapped URL path [/**/favicon.ico] onto handler of type [class org.springframework.web.servlet.resource.ResourceHttpRequestHandler]
2017-08-03 17:52:15.498  INFO 836 --- [restartedMain] o.s.b.d.a.OptionalLiveReloadServer       : LiveReload server is running on port 35729
2017-08-03 17:52:15.551  INFO 836 --- [restartedMain] o.s.j.e.a.AnnotationMBeanExporter        : Registering beans for JMX exposure on startup
2017-08-03 17:52:15.551  INFO 836 --- [restartedMain] o.s.j.e.a.AnnotationMBeanExporter        : Bean with name 'clusterDataSource' has been autodetected for JMX exposure
2017-08-03 17:52:15.552  INFO 836 --- [restartedMain] o.s.j.e.a.AnnotationMBeanExporter        : Bean with name 'masterDataSource' has been autodetected for JMX exposure
2017-08-03 17:52:15.555  INFO 836 --- [restartedMain] o.s.j.e.a.AnnotationMBeanExporter        : Located MBean 'masterDataSource': registering with JMX server as MBean [com.alibaba.druid.pool:name=masterDataSource,type=DruidDataSource]
2017-08-03 17:52:15.556  INFO 836 --- [restartedMain] o.s.j.e.a.AnnotationMBeanExporter        : Located MBean 'clusterDataSource': registering with JMX server as MBean [com.alibaba.druid.pool:name=clusterDataSource,type=DruidDataSource]
2017-08-03 17:52:15.568  INFO 836 --- [restartedMain] s.b.c.e.t.TomcatEmbeddedServletContainer : Tomcat started on port(s): 8080 (http)
2017-08-03 17:52:15.570  INFO 836 --- [restartedMain] com.springboot.App                       : Started App in 0.925 seconds (JVM running for 938.788)
2017-08-03 17:52:28.542  INFO 836 --- [http-nio-8080-exec-1] o.a.c.c.C.[Tomcat].[localhost].[/]       : Initializing Spring FrameworkServlet 'dispatcherServlet'
2017-08-03 17:52:28.543  INFO 836 --- [http-nio-8080-exec-1] o.s.web.servlet.DispatcherServlet        : FrameworkServlet 'dispatcherServlet': initialization started
2017-08-03 17:52:28.546  INFO 836 --- [http-nio-8080-exec-1] o.s.web.servlet.DispatcherServlet        : FrameworkServlet 'dispatcherServlet': initialization completed in 3 ms
2017-08-03 17:52:28.552  INFO 836 --- [http-nio-8080-exec-1] com.alibaba.druid.pool.DruidDataSource   : {dataSource-11} inited
2017-08-03 17:52:28.567  INFO 836 --- [http-nio-8080-exec-1] com.alibaba.druid.pool.DruidDataSource   : {dataSource-12} inited
2017-08-03 17:52:28.574 ERROR 836 --- [http-nio-8080-exec-1] c.s.controller.UserRestController        : This is an error message
